<?xml version="1.0" ?>
<!DOCTYPE coverage SYSTEM 'http://cobertura.sourceforge.net/xml/coverage-04.dtd'>
<!-- Generated using saga-core (http://timurstrekalov.github.com/saga/saga-core/) version 1.5.4 -->
<coverage branch-rate="0.0" branches-covered="0" branches-valid="0" complexity="0" line-rate="0.6096491228070176" lines-valid="228" lines-covered="139" timestamp="1376875707" version="1.9">
	<sources>
		<source>D:\xeno\xeno-remoting\code</source>
	</sources>
	<packages>
		<package name="default" line-rate="0.0" branch-rate="0.0" complexity="0">
			<classes>
				<class name="Engine.js" filename="src/xeno/remoting/web/Engine.js" line-rate="0.6096491228070176" branch-rate="0.0" complexity="0">
					<methods />
					<lines>
						<line number="1" hits="1" branch="false"/>
						<line number="2" hits="1" branch="false"/>
						<line number="5" hits="1" branch="false"/>
						<line number="6" hits="1" branch="false"/>
						<line number="9" hits="1" branch="false"/>
						<line number="10" hits="1" branch="false"/>
						<line number="13" hits="1" branch="false"/>
						<line number="26" hits="1" branch="false"/>
						<line number="27" hits="1" branch="false"/>
						<line number="28" hits="1" branch="false"/>
						<line number="29" hits="1" branch="false"/>
						<line number="30" hits="1" branch="false"/>
						<line number="32" hits="1" branch="false"/>
						<line number="33" hits="1" branch="false"/>
						<line number="34" hits="1" branch="false"/>
						<line number="35" hits="1" branch="false"/>
						<line number="36" hits="1" branch="false"/>
						<line number="37" hits="1" branch="false"/>
						<line number="39" hits="1" branch="false"/>
						<line number="40" hits="1" branch="false"/>
						<line number="41" hits="1" branch="false"/>
						<line number="42" hits="1" branch="false"/>
						<line number="43" hits="1" branch="false"/>
						<line number="45" hits="1" branch="false"/>
						<line number="46" hits="1235" branch="false"/>
						<line number="49" hits="1" branch="false"/>
						<line number="50" hits="101" branch="false"/>
						<line number="53" hits="1" branch="false"/>
						<line number="54" hits="253" branch="false"/>
						<line number="57" hits="1" branch="false"/>
						<line number="58" hits="441" branch="false"/>
						<line number="61" hits="1" branch="false"/>
						<line number="62" hits="39" branch="false"/>
						<line number="65" hits="1" branch="false"/>
						<line number="66" hits="20" branch="false"/>
						<line number="69" hits="1" branch="false"/>
						<line number="71" hits="1318" branch="false"/>
						<line number="72" hits="269" branch="false"/>
						<line number="76" hits="1" branch="false"/>
						<line number="77" hits="35" branch="false"/>
						<line number="79" hits="35" branch="false"/>
						<line number="80" hits="14" branch="false"/>
						<line number="83" hits="21" branch="false"/>
						<line number="86" hits="1" branch="false"/>
						<line number="87" hits="0" branch="false"/>
						<line number="88" hits="0" branch="false"/>
						<line number="90" hits="0" branch="false"/>
						<line number="92" hits="0" branch="false"/>
						<line number="93" hits="0" branch="false"/>
						<line number="96" hits="0" branch="false"/>
						<line number="99" hits="0" branch="false"/>
						<line number="102" hits="1" branch="false"/>
						<line number="103" hits="0" branch="false"/>
						<line number="112" hits="0" branch="false"/>
						<line number="113" hits="0" branch="false"/>
						<line number="117" hits="0" branch="false"/>
						<line number="119" hits="0" branch="false"/>
						<line number="121" hits="0" branch="false"/>
						<line number="122" hits="0" branch="false"/>
						<line number="124" hits="0" branch="false"/>
						<line number="132" hits="0" branch="false"/>
						<line number="135" hits="0" branch="false"/>
						<line number="139" hits="0" branch="false"/>
						<line number="140" hits="0" branch="false"/>
						<line number="143" hits="0" branch="false"/>
						<line number="145" hits="0" branch="false"/>
						<line number="146" hits="0" branch="false"/>
						<line number="153" hits="1" branch="false"/>
						<line number="154" hits="19" branch="false"/>
						<line number="156" hits="19" branch="false"/>
						<line number="157" hits="19" branch="false"/>
						<line number="159" hits="19" branch="false"/>
						<line number="161" hits="19" branch="false"/>
						<line number="162" hits="19" branch="false"/>
						<line number="167" hits="19" branch="false"/>
						<line number="168" hits="0" branch="false"/>
						<line number="174" hits="19" branch="false"/>
						<line number="175" hits="19" branch="false"/>
						<line number="181" hits="19" branch="false"/>
						<line number="182" hits="19" branch="false"/>
						<line number="188" hits="19" branch="false"/>
						<line number="189" hits="19" branch="false"/>
						<line number="195" hits="19" branch="false"/>
						<line number="196" hits="19" branch="false"/>
						<line number="202" hits="19" branch="false"/>
						<line number="203" hits="19" branch="false"/>
						<line number="209" hits="19" branch="false"/>
						<line number="210" hits="19" branch="false"/>
						<line number="216" hits="19" branch="false"/>
						<line number="217" hits="19" branch="false"/>
						<line number="220" hits="19" branch="false"/>
						<line number="222" hits="0" branch="false"/>
						<line number="223" hits="0" branch="false"/>
						<line number="224" hits="0" branch="false"/>
						<line number="228" hits="19" branch="false"/>
						<line number="230" hits="0" branch="false"/>
						<line number="232" hits="0" branch="false"/>
						<line number="233" hits="0" branch="false"/>
						<line number="234" hits="0" branch="false"/>
						<line number="242" hits="19" branch="false"/>
						<line number="243" hits="19" branch="false"/>
						<line number="245" hits="0" branch="false"/>
						<line number="246" hits="0" branch="false"/>
						<line number="249" hits="19" branch="false"/>
						<line number="250" hits="0" branch="false"/>
						<line number="254" hits="19" branch="false"/>
						<line number="255" hits="0" branch="false"/>
						<line number="265" hits="0" branch="false"/>
						<line number="266" hits="0" branch="false"/>
						<line number="268" hits="0" branch="false"/>
						<line number="269" hits="0" branch="false"/>
						<line number="271" hits="0" branch="false"/>
						<line number="273" hits="0" branch="false"/>
						<line number="275" hits="0" branch="false"/>
						<line number="276" hits="0" branch="false"/>
						<line number="284" hits="0" branch="false"/>
						<line number="285" hits="0" branch="false"/>
						<line number="286" hits="0" branch="false"/>
						<line number="288" hits="0" branch="false"/>
						<line number="290" hits="0" branch="false"/>
						<line number="291" hits="0" branch="false"/>
						<line number="294" hits="0" branch="false"/>
						<line number="299" hits="0" branch="false"/>
						<line number="300" hits="0" branch="false"/>
						<line number="302" hits="0" branch="false"/>
						<line number="304" hits="0" branch="false"/>
						<line number="306" hits="0" branch="false"/>
						<line number="307" hits="0" branch="false"/>
						<line number="308" hits="0" branch="false"/>
						<line number="310" hits="0" branch="false"/>
						<line number="311" hits="0" branch="false"/>
						<line number="312" hits="0" branch="false"/>
						<line number="314" hits="0" branch="false"/>
						<line number="322" hits="0" branch="false"/>
						<line number="324" hits="0" branch="false"/>
						<line number="325" hits="0" branch="false"/>
						<line number="327" hits="0" branch="false"/>
						<line number="328" hits="0" branch="false"/>
						<line number="337" hits="0" branch="false"/>
						<line number="339" hits="0" branch="false"/>
						<line number="340" hits="0" branch="false"/>
						<line number="348" hits="0" branch="false"/>
						<line number="350" hits="0" branch="false"/>
						<line number="351" hits="0" branch="false"/>
						<line number="360" hits="0" branch="false"/>
						<line number="361" hits="0" branch="false"/>
						<line number="366" hits="19" branch="false"/>
						<line number="367" hits="0" branch="false"/>
						<line number="369" hits="0" branch="false"/>
						<line number="371" hits="0" branch="false"/>
						<line number="372" hits="0" branch="false"/>
						<line number="374" hits="0" branch="false"/>
						<line number="375" hits="0" branch="false"/>
						<line number="376" hits="0" branch="false"/>
						<line number="377" hits="0" branch="false"/>
						<line number="384" hits="1" branch="false"/>
						<line number="390" hits="34" branch="false"/>
						<line number="391" hits="33" branch="false"/>
						<line number="392" hits="13" branch="false"/>
						<line number="394" hits="5" branch="false"/>
						<line number="395" hits="5" branch="false"/>
						<line number="396" hits="5" branch="false"/>
						<line number="398" hits="5" branch="false"/>
						<line number="400" hits="19" branch="false"/>
						<line number="401" hits="14" branch="false"/>
						<line number="404" hits="19" branch="false"/>
						<line number="405" hits="19" branch="false"/>
						<line number="408" hits="5" branch="false"/>
						<line number="409" hits="5" branch="false"/>
						<line number="417" hits="83" branch="false"/>
						<line number="419" hits="83" branch="false"/>
						<line number="420" hits="82" branch="false"/>
						<line number="421" hits="81" branch="false"/>
						<line number="422" hits="80" branch="false"/>
						<line number="423" hits="79" branch="false"/>
						<line number="424" hits="59" branch="false"/>
						<line number="425" hits="39" branch="false"/>
						<line number="427" hits="19" branch="false"/>
						<line number="428" hits="19" branch="false"/>
						<line number="429" hits="19" branch="false"/>
						<line number="430" hits="19" branch="false"/>
						<line number="431" hits="19" branch="false"/>
						<line number="432" hits="19" branch="false"/>
						<line number="433" hits="19" branch="false"/>
						<line number="435" hits="19" branch="false"/>
						<line number="463" hits="1" branch="false"/>
						<line number="476" hits="34" branch="false"/>
						<line number="504" hits="50" branch="false"/>
						<line number="505" hits="49" branch="false"/>
						<line number="507" hits="35" branch="false"/>
						<line number="519" hits="28" branch="false"/>
						<line number="556" hits="49" branch="false"/>
						<line number="557" hits="48" branch="false"/>
						<line number="559" hits="29" branch="false"/>
						<line number="571" hits="28" branch="false"/>
						<line number="613" hits="49" branch="false"/>
						<line number="614" hits="48" branch="false"/>
						<line number="616" hits="29" branch="false"/>
						<line number="628" hits="28" branch="false"/>
						<line number="672" hits="49" branch="false"/>
						<line number="673" hits="48" branch="false"/>
						<line number="675" hits="29" branch="false"/>
						<line number="687" hits="28" branch="false"/>
						<line number="719" hits="49" branch="false"/>
						<line number="720" hits="48" branch="false"/>
						<line number="722" hits="29" branch="false"/>
						<line number="734" hits="28" branch="false"/>
						<line number="770" hits="49" branch="false"/>
						<line number="771" hits="48" branch="false"/>
						<line number="773" hits="29" branch="false"/>
						<line number="785" hits="9" branch="false"/>
						<line number="813" hits="28" branch="false"/>
						<line number="814" hits="27" branch="false"/>
						<line number="816" hits="8" branch="false"/>
						<line number="828" hits="9" branch="false"/>
						<line number="857" hits="28" branch="false"/>
						<line number="858" hits="27" branch="false"/>
						<line number="860" hits="8" branch="false"/>
						<line number="875" hits="0" branch="false"/>
						<line number="892" hits="21" branch="false"/>
						<line number="893" hits="20" branch="false"/>
						<line number="895" hits="0" branch="false"/>
						<line number="897" hits="0" branch="false"/>
						<line number="899" hits="0" branch="false"/>
						<line number="900" hits="0" branch="false"/>
						<line number="901" hits="0" branch="false"/>
						<line number="906" hits="0" branch="false"/>
						<line number="907" hits="0" branch="false"/>
					</lines>
				</class>
			</classes>
		</package>
	</packages>
</coverage>
